<?xml version="1.0" encoding="UTF-8"?>
<!-- Generated by org.testng.reporters.JUnitReportReporter -->
<testsuite hostname="A4ML24373" name="testCases.ValidateErrorTest" tests="1" failures="0" timestamp="20 Jan 2019 20:33:15 GMT" time="21.350" errors="0">
  <testcase name="x" time="21.350" classname="testCases.ValidateErrorTest"/>
</testsuite> <!-- testCases.ValidateErrorTest -->
