<?xml version="1.0" encoding="UTF-8"?>
<!-- Generated by org.testng.reporters.JUnitReportReporter -->
<testsuite hostname="A4ML24373" name="testCases.ReadData" tests="6" failures="0" timestamp="21 Jan 2019 08:38:04 GMT" time="0.015" errors="0">
  <testcase name="pass" time="0.000" classname="testCases.ReadData"/>
  <testcase name="pass" time="0.000" classname="testCases.ReadData"/>
  <testcase name="pass" time="0.000" classname="testCases.ReadData"/>
  <testcase name="pass" time="0.015" classname="testCases.ReadData"/>
  <testcase name="pass" time="0.000" classname="testCases.ReadData"/>
  <testcase name="pass" time="0.000" classname="testCases.ReadData"/>
</testsuite> <!-- testCases.ReadData -->
